08:28:09:311  INFO 23792 --- [main] com.hmall.HMallApplication               : Starting HMallApplication using Java 11.0.25 on ThinkBook14 with PID 23792 (F:\hm-shop\hmall\hm-service\target\classes started by 13420 in F:\hm-shop\hmall)
08:28:09:317 DEBUG 23792 --- [main] com.hmall.HMallApplication               : Running with Spring Boot v2.7.12, Spring v5.3.27
08:28:09:319  INFO 23792 --- [main] com.hmall.HMallApplication               : The following 1 profile is active: "dev"
08:28:09:980  INFO 23792 --- [main] .s.d.r.c.RepositoryConfigurationDelegate : Multiple Spring Data modules found, entering strict repository configuration mode
08:28:09:982  INFO 23792 --- [main] .s.d.r.c.RepositoryConfigurationDelegate : Bootstrapping Spring Data Redis repositories in DEFAULT mode.
08:28:10:015  INFO 23792 --- [main] .s.d.r.c.RepositoryConfigurationDelegate : Finished Spring Data repository scanning in 15 ms. Found 0 Redis repository interfaces.
08:28:10:428  INFO 23792 --- [main] o.s.b.w.embedded.tomcat.TomcatWebServer  : Tomcat initialized with port(s): 8080 (http)
08:28:10:429  INFO 23792 --- [main] o.a.catalina.core.AprLifecycleListener   : Loaded Apache Tomcat Native library [2.0.7] using APR version [1.7.4].
08:28:10:429  INFO 23792 --- [main] o.a.catalina.core.AprLifecycleListener   : APR capabilities: IPv6 [true], sendfile [true], accept filters [false], random [true], UDS [true].
08:28:10:429  INFO 23792 --- [main] o.a.catalina.core.AprLifecycleListener   : APR/OpenSSL configuration: useAprConnector [false], useOpenSSL [true]
08:28:10:433  INFO 23792 --- [main] o.a.catalina.core.AprLifecycleListener   : OpenSSL successfully initialized [OpenSSL 3.0.13 30 Jan 2024]
08:28:10:439  INFO 23792 --- [main] o.apache.catalina.core.StandardService   : Starting service [Tomcat]
08:28:10:439  INFO 23792 --- [main] org.apache.catalina.core.StandardEngine  : Starting Servlet engine: [Apache Tomcat/9.0.75]
08:28:10:535  INFO 23792 --- [main] o.a.c.c.C.[Tomcat].[localhost].[/]       : Initializing Spring embedded WebApplicationContext
08:28:10:535  INFO 23792 --- [main] w.s.c.ServletWebServerApplicationContext : Root WebApplicationContext: initialization completed in 1177 ms
08:28:12:073  INFO 23792 --- [main] pertySourcedRequestMappingHandlerMapping : Mapped URL path [/v2/api-docs] onto method [springfox.documentation.swagger2.web.Swagger2ControllerWebMvc#getDocumentation(String, HttpServletRequest)]
08:28:12:381  INFO 23792 --- [main] o.s.b.w.embedded.tomcat.TomcatWebServer  : Tomcat started on port(s): 8080 (http) with context path ''
08:28:12:383  INFO 23792 --- [main] d.s.w.p.DocumentationPluginsBootstrapper : Documentation plugins bootstrapped
08:28:12:385  INFO 23792 --- [main] d.s.w.p.DocumentationPluginsBootstrapper : Found 1 custom documentation plugin(s)
08:28:12:407  INFO 23792 --- [main] s.d.s.w.s.ApiListingReferenceScanner     : Scanning for api listing references
08:28:12:533  INFO 23792 --- [main] com.hmall.HMallApplication               : Started HMallApplication in 3.618 seconds (JVM running for 4.442)
09:00:04:293  INFO 34372 --- [main] com.hmall.HMallApplication               : Starting HMallApplication using Java 11.0.25 on ThinkBook14 with PID 34372 (F:\hm-shop\hmall\hm-service\target\classes started by 13420 in F:\hm-shop\hmall)
09:00:04:296 DEBUG 34372 --- [main] com.hmall.HMallApplication               : Running with Spring Boot v2.7.12, Spring v5.3.27
09:00:04:296  INFO 34372 --- [main] com.hmall.HMallApplication               : The following 1 profile is active: "dev"
09:00:04:880  INFO 34372 --- [main] .s.d.r.c.RepositoryConfigurationDelegate : Multiple Spring Data modules found, entering strict repository configuration mode
09:00:04:882  INFO 34372 --- [main] .s.d.r.c.RepositoryConfigurationDelegate : Bootstrapping Spring Data Redis repositories in DEFAULT mode.
09:00:04:900  INFO 34372 --- [main] .s.d.r.c.RepositoryConfigurationDelegate : Finished Spring Data repository scanning in 9 ms. Found 0 Redis repository interfaces.
09:00:05:247  INFO 34372 --- [main] o.s.b.w.embedded.tomcat.TomcatWebServer  : Tomcat initialized with port(s): 8080 (http)
09:00:05:248  INFO 34372 --- [main] o.a.catalina.core.AprLifecycleListener   : Loaded Apache Tomcat Native library [2.0.7] using APR version [1.7.4].
09:00:05:249  INFO 34372 --- [main] o.a.catalina.core.AprLifecycleListener   : APR capabilities: IPv6 [true], sendfile [true], accept filters [false], random [true], UDS [true].
09:00:05:249  INFO 34372 --- [main] o.a.catalina.core.AprLifecycleListener   : APR/OpenSSL configuration: useAprConnector [false], useOpenSSL [true]
09:00:05:252  INFO 34372 --- [main] o.a.catalina.core.AprLifecycleListener   : OpenSSL successfully initialized [OpenSSL 3.0.13 30 Jan 2024]
09:00:05:257  INFO 34372 --- [main] o.apache.catalina.core.StandardService   : Starting service [Tomcat]
09:00:05:257  INFO 34372 --- [main] org.apache.catalina.core.StandardEngine  : Starting Servlet engine: [Apache Tomcat/9.0.75]
09:00:05:358  INFO 34372 --- [main] o.a.c.c.C.[Tomcat].[localhost].[/]       : Initializing Spring embedded WebApplicationContext
09:00:05:358  INFO 34372 --- [main] w.s.c.ServletWebServerApplicationContext : Root WebApplicationContext: initialization completed in 1034 ms
09:00:07:027  INFO 34372 --- [main] pertySourcedRequestMappingHandlerMapping : Mapped URL path [/v2/api-docs] onto method [springfox.documentation.swagger2.web.Swagger2ControllerWebMvc#getDocumentation(String, HttpServletRequest)]
09:00:07:275  INFO 34372 --- [main] o.s.b.w.embedded.tomcat.TomcatWebServer  : Tomcat started on port(s): 8080 (http) with context path ''
09:00:07:276  INFO 34372 --- [main] d.s.w.p.DocumentationPluginsBootstrapper : Documentation plugins bootstrapped
09:00:07:277  INFO 34372 --- [main] d.s.w.p.DocumentationPluginsBootstrapper : Found 1 custom documentation plugin(s)
09:00:07:297  INFO 34372 --- [main] s.d.s.w.s.ApiListingReferenceScanner     : Scanning for api listing references
09:00:07:417  INFO 34372 --- [main] com.hmall.HMallApplication               : Started HMallApplication in 3.409 seconds (JVM running for 4.238)
10:22:52:820  INFO 40888 --- [main] com.hmall.HMallApplication               : Starting HMallApplication using Java 11.0.25 on ThinkBook14 with PID 40888 (F:\hm-shop\hmall\hm-service\target\classes started by 13420 in F:\hm-shop\hmall)
10:22:52:823 DEBUG 40888 --- [main] com.hmall.HMallApplication               : Running with Spring Boot v2.7.12, Spring v5.3.27
10:22:52:824  INFO 40888 --- [main] com.hmall.HMallApplication               : The following 1 profile is active: "dev"
10:22:53:463  INFO 40888 --- [main] .s.d.r.c.RepositoryConfigurationDelegate : Multiple Spring Data modules found, entering strict repository configuration mode
10:22:53:466  INFO 40888 --- [main] .s.d.r.c.RepositoryConfigurationDelegate : Bootstrapping Spring Data Redis repositories in DEFAULT mode.
10:22:53:497  INFO 40888 --- [main] .s.d.r.c.RepositoryConfigurationDelegate : Finished Spring Data repository scanning in 13 ms. Found 0 Redis repository interfaces.
10:22:53:877  INFO 40888 --- [main] o.s.b.w.embedded.tomcat.TomcatWebServer  : Tomcat initialized with port(s): 8080 (http)
10:22:53:878  INFO 40888 --- [main] o.a.catalina.core.AprLifecycleListener   : Loaded Apache Tomcat Native library [2.0.7] using APR version [1.7.4].
10:22:53:878  INFO 40888 --- [main] o.a.catalina.core.AprLifecycleListener   : APR capabilities: IPv6 [true], sendfile [true], accept filters [false], random [true], UDS [true].
10:22:53:878  INFO 40888 --- [main] o.a.catalina.core.AprLifecycleListener   : APR/OpenSSL configuration: useAprConnector [false], useOpenSSL [true]
10:22:53:881  INFO 40888 --- [main] o.a.catalina.core.AprLifecycleListener   : OpenSSL successfully initialized [OpenSSL 3.0.13 30 Jan 2024]
10:22:53:887  INFO 40888 --- [main] o.apache.catalina.core.StandardService   : Starting service [Tomcat]
10:22:53:887  INFO 40888 --- [main] org.apache.catalina.core.StandardEngine  : Starting Servlet engine: [Apache Tomcat/9.0.75]
10:22:53:988  INFO 40888 --- [main] o.a.c.c.C.[Tomcat].[localhost].[/]       : Initializing Spring embedded WebApplicationContext
10:22:53:988  INFO 40888 --- [main] w.s.c.ServletWebServerApplicationContext : Root WebApplicationContext: initialization completed in 1130 ms
10:22:55:671  INFO 40888 --- [main] pertySourcedRequestMappingHandlerMapping : Mapped URL path [/v2/api-docs] onto method [springfox.documentation.swagger2.web.Swagger2ControllerWebMvc#getDocumentation(String, HttpServletRequest)]
10:22:56:014  INFO 40888 --- [main] o.s.b.w.embedded.tomcat.TomcatWebServer  : Tomcat started on port(s): 8080 (http) with context path ''
10:22:56:014  INFO 40888 --- [main] d.s.w.p.DocumentationPluginsBootstrapper : Documentation plugins bootstrapped
10:22:56:016  INFO 40888 --- [main] d.s.w.p.DocumentationPluginsBootstrapper : Found 1 custom documentation plugin(s)
10:22:56:038  INFO 40888 --- [main] s.d.s.w.s.ApiListingReferenceScanner     : Scanning for api listing references
10:22:56:185  INFO 40888 --- [main] com.hmall.HMallApplication               : Started HMallApplication in 3.706 seconds (JVM running for 4.77)
