08:53:59:414  INFO 46696 --- [main] com.hmall.cart.CartApplication           : Starting CartApplication using Java 11.0.25 on ThinkBook14 with PID 46696 (F:\hm-shop\hmall\cart-service\target\classes started by 13420 in F:\hm-shop\hmall)
08:53:59:417 DEBUG 46696 --- [main] com.hmall.cart.CartApplication           : Running with Spring Boot v2.7.12, Spring v5.3.27
08:53:59:418  INFO 46696 --- [main] com.hmall.cart.CartApplication           : The following 1 profile is active: "dev"
08:54:00:260  INFO 46696 --- [main] o.s.b.w.embedded.tomcat.TomcatWebServer  : Tomcat initialized with port(s): 8082 (http)
08:54:00:261  INFO 46696 --- [main] o.a.catalina.core.AprLifecycleListener   : Loaded Apache Tomcat Native library [2.0.7] using APR version [1.7.4].
08:54:00:263  INFO 46696 --- [main] o.a.catalina.core.AprLifecycleListener   : APR capabilities: IPv6 [true], sendfile [true], accept filters [false], random [true], UDS [true].
08:54:00:263  INFO 46696 --- [main] o.a.catalina.core.AprLifecycleListener   : APR/OpenSSL configuration: useAprConnector [false], useOpenSSL [true]
08:54:00:267  INFO 46696 --- [main] o.a.catalina.core.AprLifecycleListener   : OpenSSL successfully initialized [OpenSSL 3.0.13 30 Jan 2024]
08:54:00:275  INFO 46696 --- [main] o.apache.catalina.core.StandardService   : Starting service [Tomcat]
08:54:00:275  INFO 46696 --- [main] org.apache.catalina.core.StandardEngine  : Starting Servlet engine: [Apache Tomcat/9.0.75]
08:54:00:366  INFO 46696 --- [main] o.a.c.c.C.[Tomcat].[localhost].[/]       : Initializing Spring embedded WebApplicationContext
08:54:00:366  INFO 46696 --- [main] w.s.c.ServletWebServerApplicationContext : Root WebApplicationContext: initialization completed in 914 ms
08:54:01:512  INFO 46696 --- [main] pertySourcedRequestMappingHandlerMapping : Mapped URL path [/v2/api-docs] onto method [springfox.documentation.swagger2.web.Swagger2ControllerWebMvc#getDocumentation(String, HttpServletRequest)]
08:54:01:572  INFO 46696 --- [main] o.s.b.w.embedded.tomcat.TomcatWebServer  : Tomcat started on port(s): 8082 (http) with context path ''
08:54:01:573  INFO 46696 --- [main] d.s.w.p.DocumentationPluginsBootstrapper : Documentation plugins bootstrapped
08:54:01:574  INFO 46696 --- [main] d.s.w.p.DocumentationPluginsBootstrapper : Found 1 custom documentation plugin(s)
08:54:01:593  INFO 46696 --- [main] s.d.s.w.s.ApiListingReferenceScanner     : Scanning for api listing references
08:54:01:672  INFO 46696 --- [main] com.hmall.cart.CartApplication           : Started CartApplication in 2.555 seconds (JVM running for 3.504)
08:55:58:736  INFO 17492 --- [main] com.hmall.cart.CartApplication           : Starting CartApplication using Java 11.0.25 on ThinkBook14 with PID 17492 (F:\hm-shop\hmall\cart-service\target\classes started by 13420 in F:\hm-shop\hmall)
08:55:58:738 DEBUG 17492 --- [main] com.hmall.cart.CartApplication           : Running with Spring Boot v2.7.12, Spring v5.3.27
08:55:58:738  INFO 17492 --- [main] com.hmall.cart.CartApplication           : The following 1 profile is active: "dev"
08:55:59:522  INFO 17492 --- [main] o.s.b.w.embedded.tomcat.TomcatWebServer  : Tomcat initialized with port(s): 8082 (http)
08:55:59:523  INFO 17492 --- [main] o.a.catalina.core.AprLifecycleListener   : Loaded Apache Tomcat Native library [2.0.7] using APR version [1.7.4].
08:55:59:523  INFO 17492 --- [main] o.a.catalina.core.AprLifecycleListener   : APR capabilities: IPv6 [true], sendfile [true], accept filters [false], random [true], UDS [true].
08:55:59:523  INFO 17492 --- [main] o.a.catalina.core.AprLifecycleListener   : APR/OpenSSL configuration: useAprConnector [false], useOpenSSL [true]
08:55:59:526  INFO 17492 --- [main] o.a.catalina.core.AprLifecycleListener   : OpenSSL successfully initialized [OpenSSL 3.0.13 30 Jan 2024]
08:55:59:531  INFO 17492 --- [main] o.apache.catalina.core.StandardService   : Starting service [Tomcat]
08:55:59:531  INFO 17492 --- [main] org.apache.catalina.core.StandardEngine  : Starting Servlet engine: [Apache Tomcat/9.0.75]
08:55:59:610  INFO 17492 --- [main] o.a.c.c.C.[Tomcat].[localhost].[/]       : Initializing Spring embedded WebApplicationContext
08:55:59:610  INFO 17492 --- [main] w.s.c.ServletWebServerApplicationContext : Root WebApplicationContext: initialization completed in 838 ms
08:56:00:652  INFO 17492 --- [main] pertySourcedRequestMappingHandlerMapping : Mapped URL path [/v2/api-docs] onto method [springfox.documentation.swagger2.web.Swagger2ControllerWebMvc#getDocumentation(String, HttpServletRequest)]
08:56:00:735  INFO 17492 --- [main] o.s.b.w.embedded.tomcat.TomcatWebServer  : Tomcat started on port(s): 8082 (http) with context path ''
08:56:00:736  INFO 17492 --- [main] d.s.w.p.DocumentationPluginsBootstrapper : Documentation plugins bootstrapped
08:56:00:738  INFO 17492 --- [main] d.s.w.p.DocumentationPluginsBootstrapper : Found 2 custom documentation plugin(s)
08:56:00:755  INFO 17492 --- [main] s.d.s.w.s.ApiListingReferenceScanner     : Scanning for api listing references
08:56:00:826  INFO 17492 --- [main] s.d.s.w.s.ApiListingReferenceScanner     : Scanning for api listing references
08:56:00:830  INFO 17492 --- [main] .d.s.w.r.o.CachingOperationNameGenerator : Generating unique operation named: queryMyCartsUsingGET_1
08:56:00:833  INFO 17492 --- [main] .d.s.w.r.o.CachingOperationNameGenerator : Generating unique operation named: addItem2CartUsingPOST_1
08:56:00:834  INFO 17492 --- [main] .d.s.w.r.o.CachingOperationNameGenerator : Generating unique operation named: deleteCartItemUsingDELETE_1
08:56:00:835  INFO 17492 --- [main] .d.s.w.r.o.CachingOperationNameGenerator : Generating unique operation named: deleteCartItemByIdsUsingDELETE_1
08:56:00:837  INFO 17492 --- [main] .d.s.w.r.o.CachingOperationNameGenerator : Generating unique operation named: updateCartUsingPUT_1
08:56:00:845  INFO 17492 --- [main] com.hmall.cart.CartApplication           : Started CartApplication in 2.375 seconds (JVM running for 3.162)
08:56:00:846  INFO 17492 --- [main] com.hmall.cart.config.SwaggerConfig      : Swagger文档地址：http://localhost:8082/doc.html
08:56:06:502  INFO 17492 --- [http-nio-8082-exec-4] o.a.c.c.C.[Tomcat].[localhost].[/]       : Initializing Spring DispatcherServlet 'dispatcherServlet'
08:56:06:503  INFO 17492 --- [http-nio-8082-exec-4] o.s.web.servlet.DispatcherServlet        : Initializing Servlet 'dispatcherServlet'
08:56:06:504  INFO 17492 --- [http-nio-8082-exec-4] o.s.web.servlet.DispatcherServlet        : Completed initialization in 1 ms
08:56:07:153  WARN 17492 --- [http-nio-8082-exec-10] o.s.web.servlet.PageNotFound             : No mapping for GET /hybridaction/zybTrackerStatisticsAction
08:56:07:170  WARN 17492 --- [http-nio-8082-exec-6] o.s.web.servlet.PageNotFound             : No mapping for GET /hybridaction/zybTrackerStatisticsAction
08:56:07:174  WARN 17492 --- [http-nio-8082-exec-8] o.s.web.servlet.PageNotFound             : No mapping for GET /hybridaction/zybTrackerStatisticsAction
08:56:07:179  WARN 17492 --- [http-nio-8082-exec-4] o.s.web.servlet.PageNotFound             : No mapping for GET /hybridaction/zybTrackerStatisticsAction
08:56:07:654  WARN 17492 --- [http-nio-8082-exec-1] o.s.web.servlet.PageNotFound             : No mapping for GET /favicon.ico
08:56:07:668  WARN 17492 --- [http-nio-8082-exec-5] o.s.web.servlet.PageNotFound             : No mapping for GET /favicon.ico
08:56:23:983  INFO 17492 --- [http-nio-8082-exec-2] com.zaxxer.hikari.HikariDataSource       : HikariPool-1 - Starting...
08:56:24:829  INFO 17492 --- [http-nio-8082-exec-2] com.zaxxer.hikari.HikariDataSource       : HikariPool-1 - Start completed.
08:56:24:846 DEBUG 17492 --- [http-nio-8082-exec-2] c.h.cart.mapper.CartMapper.selectList    : ==>  Preparing: SELECT id,user_id,item_id,num,name,spec,price,image,create_time,update_time FROM cart WHERE (user_id = ?)
08:56:24:909 DEBUG 17492 --- [http-nio-8082-exec-2] c.h.cart.mapper.CartMapper.selectList    : ==> Parameters: 1(Long)
08:56:24:982 DEBUG 17492 --- [http-nio-8082-exec-2] c.h.cart.mapper.CartMapper.selectList    : <==      Total: 1
08:57:59:646  INFO 17492 --- [SpringApplicationShutdownHook] com.zaxxer.hikari.HikariDataSource       : HikariPool-1 - Shutdown initiated...
08:57:59:651  INFO 17492 --- [SpringApplicationShutdownHook] com.zaxxer.hikari.HikariDataSource       : HikariPool-1 - Shutdown completed.
08:58:03:569  INFO 39180 --- [main] com.hmall.cart.CartApplication           : Starting CartApplication using Java 11.0.25 on ThinkBook14 with PID 39180 (F:\hm-shop\hmall\cart-service\target\classes started by 13420 in F:\hm-shop\hmall)
08:58:03:572 DEBUG 39180 --- [main] com.hmall.cart.CartApplication           : Running with Spring Boot v2.7.12, Spring v5.3.27
08:58:03:573  INFO 39180 --- [main] com.hmall.cart.CartApplication           : The following 1 profile is active: "dev"
08:58:04:372  INFO 39180 --- [main] o.s.b.w.embedded.tomcat.TomcatWebServer  : Tomcat initialized with port(s): 8082 (http)
08:58:04:373  INFO 39180 --- [main] o.a.catalina.core.AprLifecycleListener   : Loaded Apache Tomcat Native library [2.0.7] using APR version [1.7.4].
08:58:04:373  INFO 39180 --- [main] o.a.catalina.core.AprLifecycleListener   : APR capabilities: IPv6 [true], sendfile [true], accept filters [false], random [true], UDS [true].
08:58:04:373  INFO 39180 --- [main] o.a.catalina.core.AprLifecycleListener   : APR/OpenSSL configuration: useAprConnector [false], useOpenSSL [true]
08:58:04:376  INFO 39180 --- [main] o.a.catalina.core.AprLifecycleListener   : OpenSSL successfully initialized [OpenSSL 3.0.13 30 Jan 2024]
08:58:04:383  INFO 39180 --- [main] o.apache.catalina.core.StandardService   : Starting service [Tomcat]
08:58:04:383  INFO 39180 --- [main] org.apache.catalina.core.StandardEngine  : Starting Servlet engine: [Apache Tomcat/9.0.75]
08:58:04:477  INFO 39180 --- [main] o.a.c.c.C.[Tomcat].[localhost].[/]       : Initializing Spring embedded WebApplicationContext
08:58:04:479  INFO 39180 --- [main] w.s.c.ServletWebServerApplicationContext : Root WebApplicationContext: initialization completed in 875 ms
08:58:05:557  INFO 39180 --- [main] pertySourcedRequestMappingHandlerMapping : Mapped URL path [/v2/api-docs] onto method [springfox.documentation.swagger2.web.Swagger2ControllerWebMvc#getDocumentation(String, HttpServletRequest)]
08:58:05:642  INFO 39180 --- [main] o.s.b.w.embedded.tomcat.TomcatWebServer  : Tomcat started on port(s): 8082 (http) with context path ''
08:58:05:643  INFO 39180 --- [main] d.s.w.p.DocumentationPluginsBootstrapper : Documentation plugins bootstrapped
08:58:05:645  INFO 39180 --- [main] d.s.w.p.DocumentationPluginsBootstrapper : Found 2 custom documentation plugin(s)
08:58:05:663  INFO 39180 --- [main] s.d.s.w.s.ApiListingReferenceScanner     : Scanning for api listing references
08:58:05:735  INFO 39180 --- [main] s.d.s.w.s.ApiListingReferenceScanner     : Scanning for api listing references
08:58:05:739  INFO 39180 --- [main] .d.s.w.r.o.CachingOperationNameGenerator : Generating unique operation named: queryMyCartsUsingGET_1
08:58:05:741  INFO 39180 --- [main] .d.s.w.r.o.CachingOperationNameGenerator : Generating unique operation named: addItem2CartUsingPOST_1
08:58:05:742  INFO 39180 --- [main] .d.s.w.r.o.CachingOperationNameGenerator : Generating unique operation named: deleteCartItemUsingDELETE_1
08:58:05:743  INFO 39180 --- [main] .d.s.w.r.o.CachingOperationNameGenerator : Generating unique operation named: deleteCartItemByIdsUsingDELETE_1
08:58:05:745  INFO 39180 --- [main] .d.s.w.r.o.CachingOperationNameGenerator : Generating unique operation named: updateCartUsingPUT_1
08:58:05:754  INFO 39180 --- [main] com.hmall.cart.CartApplication           : Started CartApplication in 2.462 seconds (JVM running for 3.293)
08:58:05:756  INFO 39180 --- [main] com.hmall.cart.config.SwaggerConfig      : Swagger文档地址：http://localhost:8082/doc.html
08:58:11:852  INFO 39180 --- [http-nio-8082-exec-2] o.a.c.c.C.[Tomcat].[localhost].[/]       : Initializing Spring DispatcherServlet 'dispatcherServlet'
08:58:11:854  INFO 39180 --- [http-nio-8082-exec-2] o.s.web.servlet.DispatcherServlet        : Initializing Servlet 'dispatcherServlet'
08:58:11:854  INFO 39180 --- [http-nio-8082-exec-2] o.s.web.servlet.DispatcherServlet        : Completed initialization in 0 ms
08:58:11:922  INFO 39180 --- [http-nio-8082-exec-2] com.zaxxer.hikari.HikariDataSource       : HikariPool-1 - Starting...
08:58:12:102  INFO 39180 --- [http-nio-8082-exec-2] com.zaxxer.hikari.HikariDataSource       : HikariPool-1 - Start completed.
08:58:12:107 DEBUG 39180 --- [http-nio-8082-exec-2] c.h.cart.mapper.CartMapper.selectList    : ==>  Preparing: SELECT id,user_id,item_id,num,name,spec,price,image,create_time,update_time FROM cart WHERE (user_id = ?)
08:58:12:126 DEBUG 39180 --- [http-nio-8082-exec-2] c.h.cart.mapper.CartMapper.selectList    : ==> Parameters: 1(Long)
08:58:12:142 DEBUG 39180 --- [http-nio-8082-exec-2] c.h.cart.mapper.CartMapper.selectList    : <==      Total: 1
08:58:20:450  INFO 39180 --- [SpringApplicationShutdownHook] com.zaxxer.hikari.HikariDataSource       : HikariPool-1 - Shutdown initiated...
08:58:20:459  INFO 39180 --- [SpringApplicationShutdownHook] com.zaxxer.hikari.HikariDataSource       : HikariPool-1 - Shutdown completed.
08:58:24:776  INFO 38436 --- [main] com.hmall.cart.CartApplication           : Starting CartApplication using Java 11.0.25 on ThinkBook14 with PID 38436 (F:\hm-shop\hmall\cart-service\target\classes started by 13420 in F:\hm-shop\hmall)
08:58:24:777 DEBUG 38436 --- [main] com.hmall.cart.CartApplication           : Running with Spring Boot v2.7.12, Spring v5.3.27
08:58:24:778  INFO 38436 --- [main] com.hmall.cart.CartApplication           : The following 1 profile is active: "dev"
08:58:25:591  INFO 38436 --- [main] o.s.b.w.embedded.tomcat.TomcatWebServer  : Tomcat initialized with port(s): 8082 (http)
08:58:25:592  INFO 38436 --- [main] o.a.catalina.core.AprLifecycleListener   : Loaded Apache Tomcat Native library [2.0.7] using APR version [1.7.4].
08:58:25:592  INFO 38436 --- [main] o.a.catalina.core.AprLifecycleListener   : APR capabilities: IPv6 [true], sendfile [true], accept filters [false], random [true], UDS [true].
08:58:25:592  INFO 38436 --- [main] o.a.catalina.core.AprLifecycleListener   : APR/OpenSSL configuration: useAprConnector [false], useOpenSSL [true]
08:58:25:595  INFO 38436 --- [main] o.a.catalina.core.AprLifecycleListener   : OpenSSL successfully initialized [OpenSSL 3.0.13 30 Jan 2024]
08:58:25:601  INFO 38436 --- [main] o.apache.catalina.core.StandardService   : Starting service [Tomcat]
08:58:25:601  INFO 38436 --- [main] org.apache.catalina.core.StandardEngine  : Starting Servlet engine: [Apache Tomcat/9.0.75]
08:58:25:682  INFO 38436 --- [main] o.a.c.c.C.[Tomcat].[localhost].[/]       : Initializing Spring embedded WebApplicationContext
08:58:25:683  INFO 38436 --- [main] w.s.c.ServletWebServerApplicationContext : Root WebApplicationContext: initialization completed in 871 ms
08:58:26:727  INFO 38436 --- [main] pertySourcedRequestMappingHandlerMapping : Mapped URL path [/v2/api-docs] onto method [springfox.documentation.swagger2.web.Swagger2ControllerWebMvc#getDocumentation(String, HttpServletRequest)]
08:58:26:810  INFO 38436 --- [main] o.s.b.w.embedded.tomcat.TomcatWebServer  : Tomcat started on port(s): 8082 (http) with context path ''
08:58:26:811  INFO 38436 --- [main] d.s.w.p.DocumentationPluginsBootstrapper : Documentation plugins bootstrapped
08:58:26:813  INFO 38436 --- [main] d.s.w.p.DocumentationPluginsBootstrapper : Found 2 custom documentation plugin(s)
08:58:26:831  INFO 38436 --- [main] s.d.s.w.s.ApiListingReferenceScanner     : Scanning for api listing references
08:58:26:904  INFO 38436 --- [main] s.d.s.w.s.ApiListingReferenceScanner     : Scanning for api listing references
08:58:26:909  INFO 38436 --- [main] .d.s.w.r.o.CachingOperationNameGenerator : Generating unique operation named: queryMyCartsUsingGET_1
08:58:26:911  INFO 38436 --- [main] .d.s.w.r.o.CachingOperationNameGenerator : Generating unique operation named: addItem2CartUsingPOST_1
08:58:26:911  INFO 38436 --- [main] .d.s.w.r.o.CachingOperationNameGenerator : Generating unique operation named: deleteCartItemUsingDELETE_1
08:58:26:913  INFO 38436 --- [main] .d.s.w.r.o.CachingOperationNameGenerator : Generating unique operation named: deleteCartItemByIdsUsingDELETE_1
08:58:26:915  INFO 38436 --- [main] .d.s.w.r.o.CachingOperationNameGenerator : Generating unique operation named: updateCartUsingPUT_1
08:58:26:922  INFO 38436 --- [main] com.hmall.cart.CartApplication           : Started CartApplication in 2.412 seconds (JVM running for 3.23)
08:58:26:923  INFO 38436 --- [main] com.hmall.cart.config.SwaggerConfig      : Swagger文档地址：http://localhost:8082/doc.html
09:00:29:322  INFO 38436 --- [http-nio-8082-exec-3] o.a.c.c.C.[Tomcat].[localhost].[/]       : Initializing Spring DispatcherServlet 'dispatcherServlet'
09:00:29:323  INFO 38436 --- [http-nio-8082-exec-3] o.s.web.servlet.DispatcherServlet        : Initializing Servlet 'dispatcherServlet'
09:00:29:324  INFO 38436 --- [http-nio-8082-exec-3] o.s.web.servlet.DispatcherServlet        : Completed initialization in 1 ms
09:00:29:335  WARN 38436 --- [http-nio-8082-exec-2] o.s.web.servlet.PageNotFound             : No mapping for GET /hybridaction/zybTrackerStatisticsAction
09:00:29:335  WARN 38436 --- [http-nio-8082-exec-4] o.s.web.servlet.PageNotFound             : No mapping for GET /hybridaction/zybTrackerStatisticsAction
09:00:29:335  WARN 38436 --- [http-nio-8082-exec-3] o.s.web.servlet.PageNotFound             : No mapping for GET /hybridaction/zybTrackerStatisticsAction
09:00:29:335  WARN 38436 --- [http-nio-8082-exec-1] o.s.web.servlet.PageNotFound             : No mapping for GET /hybridaction/zybTrackerStatisticsAction
09:07:57:296  INFO 4772 --- [main] com.hmall.cart.CartApplication           : Starting CartApplication using Java 11.0.25 on ThinkBook14 with PID 4772 (F:\hm-shop\hmall\cart-service\target\classes started by 13420 in F:\hm-shop\hmall)
09:07:57:298 DEBUG 4772 --- [main] com.hmall.cart.CartApplication           : Running with Spring Boot v2.7.12, Spring v5.3.27
09:07:57:298  INFO 4772 --- [main] com.hmall.cart.CartApplication           : The following 1 profile is active: "dev"
09:07:58:140  INFO 4772 --- [main] o.s.b.w.embedded.tomcat.TomcatWebServer  : Tomcat initialized with port(s): 8082 (http)
09:07:58:142  INFO 4772 --- [main] o.a.catalina.core.AprLifecycleListener   : Loaded Apache Tomcat Native library [2.0.7] using APR version [1.7.4].
09:07:58:142  INFO 4772 --- [main] o.a.catalina.core.AprLifecycleListener   : APR capabilities: IPv6 [true], sendfile [true], accept filters [false], random [true], UDS [true].
09:07:58:142  INFO 4772 --- [main] o.a.catalina.core.AprLifecycleListener   : APR/OpenSSL configuration: useAprConnector [false], useOpenSSL [true]
09:07:58:145  INFO 4772 --- [main] o.a.catalina.core.AprLifecycleListener   : OpenSSL successfully initialized [OpenSSL 3.0.13 30 Jan 2024]
09:07:58:153  INFO 4772 --- [main] o.apache.catalina.core.StandardService   : Starting service [Tomcat]
09:07:58:153  INFO 4772 --- [main] org.apache.catalina.core.StandardEngine  : Starting Servlet engine: [Apache Tomcat/9.0.75]
09:07:58:247  INFO 4772 --- [main] o.a.c.c.C.[Tomcat].[localhost].[/]       : Initializing Spring embedded WebApplicationContext
09:07:58:248  INFO 4772 --- [main] w.s.c.ServletWebServerApplicationContext : Root WebApplicationContext: initialization completed in 914 ms
09:07:59:381  INFO 4772 --- [main] pertySourcedRequestMappingHandlerMapping : Mapped URL path [/v2/api-docs] onto method [springfox.documentation.swagger2.web.Swagger2ControllerWebMvc#getDocumentation(String, HttpServletRequest)]
09:07:59:471  INFO 4772 --- [main] o.s.b.w.embedded.tomcat.TomcatWebServer  : Tomcat started on port(s): 8082 (http) with context path ''
09:07:59:472  INFO 4772 --- [main] d.s.w.p.DocumentationPluginsBootstrapper : Documentation plugins bootstrapped
09:07:59:474  INFO 4772 --- [main] d.s.w.p.DocumentationPluginsBootstrapper : Found 2 custom documentation plugin(s)
09:07:59:503  INFO 4772 --- [main] s.d.s.w.s.ApiListingReferenceScanner     : Scanning for api listing references
09:07:59:578  INFO 4772 --- [main] s.d.s.w.s.ApiListingReferenceScanner     : Scanning for api listing references
09:07:59:582  INFO 4772 --- [main] .d.s.w.r.o.CachingOperationNameGenerator : Generating unique operation named: queryMyCartsUsingGET_1
09:07:59:584  INFO 4772 --- [main] .d.s.w.r.o.CachingOperationNameGenerator : Generating unique operation named: addItem2CartUsingPOST_1
09:07:59:585  INFO 4772 --- [main] .d.s.w.r.o.CachingOperationNameGenerator : Generating unique operation named: deleteCartItemUsingDELETE_1
09:07:59:586  INFO 4772 --- [main] .d.s.w.r.o.CachingOperationNameGenerator : Generating unique operation named: deleteCartItemByIdsUsingDELETE_1
09:07:59:587  INFO 4772 --- [main] .d.s.w.r.o.CachingOperationNameGenerator : Generating unique operation named: updateCartUsingPUT_1
09:07:59:598  INFO 4772 --- [main] com.hmall.cart.CartApplication           : Started CartApplication in 2.581 seconds (JVM running for 3.414)
09:07:59:600  INFO 4772 --- [main] com.hmall.cart.config.SwaggerConfig      : Swagger文档地址：http://localhost:8082/doc.html
09:08:19:791  INFO 4772 --- [http-nio-8082-exec-1] o.a.c.c.C.[Tomcat].[localhost].[/]       : Initializing Spring DispatcherServlet 'dispatcherServlet'
09:08:19:791  INFO 4772 --- [http-nio-8082-exec-1] o.s.web.servlet.DispatcherServlet        : Initializing Servlet 'dispatcherServlet'
09:08:19:791  INFO 4772 --- [http-nio-8082-exec-1] o.s.web.servlet.DispatcherServlet        : Completed initialization in 0 ms
09:08:20:047  INFO 4772 --- [http-nio-8082-exec-1] com.zaxxer.hikari.HikariDataSource       : HikariPool-1 - Starting...
09:08:20:827  INFO 4772 --- [http-nio-8082-exec-1] com.zaxxer.hikari.HikariDataSource       : HikariPool-1 - Start completed.
09:08:20:852 DEBUG 4772 --- [http-nio-8082-exec-1] c.h.cart.mapper.CartMapper.selectList    : ==>  Preparing: SELECT id,user_id,item_id,num,name,spec,price,image,create_time,update_time FROM cart WHERE (user_id = ?)
09:08:20:917 DEBUG 4772 --- [http-nio-8082-exec-1] c.h.cart.mapper.CartMapper.selectList    : ==> Parameters: 1(Long)
09:08:21:006 DEBUG 4772 --- [http-nio-8082-exec-1] c.h.cart.mapper.CartMapper.selectList    : <==      Total: 1
09:48:34:575  INFO 4772 --- [SpringApplicationShutdownHook] com.zaxxer.hikari.HikariDataSource       : HikariPool-1 - Shutdown initiated...
09:48:34:587  INFO 4772 --- [SpringApplicationShutdownHook] com.zaxxer.hikari.HikariDataSource       : HikariPool-1 - Shutdown completed.
09:48:37:251  INFO 24520 --- [main] com.hmall.cart.CartApplication           : Starting CartApplication using Java 11.0.25 on ThinkBook14 with PID 24520 (F:\hm-shop\hmall\cart-service\target\classes started by 13420 in F:\hm-shop\hmall)
09:48:37:254 DEBUG 24520 --- [main] com.hmall.cart.CartApplication           : Running with Spring Boot v2.7.12, Spring v5.3.27
09:48:37:254  INFO 24520 --- [main] com.hmall.cart.CartApplication           : The following 1 profile is active: "dev"
09:48:38:204  INFO 24520 --- [main] o.s.b.w.embedded.tomcat.TomcatWebServer  : Tomcat initialized with port(s): 8082 (http)
09:48:38:205  INFO 24520 --- [main] o.a.catalina.core.AprLifecycleListener   : Loaded Apache Tomcat Native library [2.0.7] using APR version [1.7.4].
09:48:38:205  INFO 24520 --- [main] o.a.catalina.core.AprLifecycleListener   : APR capabilities: IPv6 [true], sendfile [true], accept filters [false], random [true], UDS [true].
09:48:38:205  INFO 24520 --- [main] o.a.catalina.core.AprLifecycleListener   : APR/OpenSSL configuration: useAprConnector [false], useOpenSSL [true]
09:48:38:210  INFO 24520 --- [main] o.a.catalina.core.AprLifecycleListener   : OpenSSL successfully initialized [OpenSSL 3.0.13 30 Jan 2024]
09:48:38:219  INFO 24520 --- [main] o.apache.catalina.core.StandardService   : Starting service [Tomcat]
09:48:38:219  INFO 24520 --- [main] org.apache.catalina.core.StandardEngine  : Starting Servlet engine: [Apache Tomcat/9.0.75]
09:48:38:324  INFO 24520 --- [main] o.a.c.c.C.[Tomcat].[localhost].[/]       : Initializing Spring embedded WebApplicationContext
09:48:38:324  INFO 24520 --- [main] w.s.c.ServletWebServerApplicationContext : Root WebApplicationContext: initialization completed in 1027 ms
09:48:39:417  INFO 24520 --- [main] pertySourcedRequestMappingHandlerMapping : Mapped URL path [/v2/api-docs] onto method [springfox.documentation.swagger2.web.Swagger2ControllerWebMvc#getDocumentation(String, HttpServletRequest)]
09:48:39:501  INFO 24520 --- [main] o.s.b.w.embedded.tomcat.TomcatWebServer  : Tomcat started on port(s): 8082 (http) with context path ''
09:48:39:502  INFO 24520 --- [main] d.s.w.p.DocumentationPluginsBootstrapper : Documentation plugins bootstrapped
09:48:39:503  INFO 24520 --- [main] d.s.w.p.DocumentationPluginsBootstrapper : Found 2 custom documentation plugin(s)
09:48:39:521  INFO 24520 --- [main] s.d.s.w.s.ApiListingReferenceScanner     : Scanning for api listing references
09:48:39:595  INFO 24520 --- [main] s.d.s.w.s.ApiListingReferenceScanner     : Scanning for api listing references
09:48:39:599  INFO 24520 --- [main] .d.s.w.r.o.CachingOperationNameGenerator : Generating unique operation named: queryMyCartsUsingGET_1
09:48:39:600  INFO 24520 --- [main] .d.s.w.r.o.CachingOperationNameGenerator : Generating unique operation named: addItem2CartUsingPOST_1
09:48:39:601  INFO 24520 --- [main] .d.s.w.r.o.CachingOperationNameGenerator : Generating unique operation named: deleteCartItemUsingDELETE_1
09:48:39:611  INFO 24520 --- [main] .d.s.w.r.o.CachingOperationNameGenerator : Generating unique operation named: deleteCartItemByIdsUsingDELETE_1
09:48:39:613  INFO 24520 --- [main] .d.s.w.r.o.CachingOperationNameGenerator : Generating unique operation named: updateCartUsingPUT_1
09:48:39:622  INFO 24520 --- [main] com.hmall.cart.CartApplication           : Started CartApplication in 2.663 seconds (JVM running for 3.557)
09:48:39:625  INFO 24520 --- [main] com.hmall.cart.config.SwaggerConfig      : Swagger文档地址：http://localhost:8082/doc.html
10:22:56:719  INFO 33880 --- [main] com.hmall.cart.CartApplication           : Starting CartApplication using Java 11.0.25 on ThinkBook14 with PID 33880 (F:\hm-shop\hmall\cart-service\target\classes started by 13420 in F:\hm-shop\hmall)
10:22:56:722 DEBUG 33880 --- [main] com.hmall.cart.CartApplication           : Running with Spring Boot v2.7.12, Spring v5.3.27
10:22:56:723  INFO 33880 --- [main] com.hmall.cart.CartApplication           : The following 1 profile is active: "dev"
10:22:57:665  INFO 33880 --- [main] o.s.b.w.embedded.tomcat.TomcatWebServer  : Tomcat initialized with port(s): 8082 (http)
10:22:57:666  INFO 33880 --- [main] o.a.catalina.core.AprLifecycleListener   : Loaded Apache Tomcat Native library [2.0.7] using APR version [1.7.4].
10:22:57:667  INFO 33880 --- [main] o.a.catalina.core.AprLifecycleListener   : APR capabilities: IPv6 [true], sendfile [true], accept filters [false], random [true], UDS [true].
10:22:57:667  INFO 33880 --- [main] o.a.catalina.core.AprLifecycleListener   : APR/OpenSSL configuration: useAprConnector [false], useOpenSSL [true]
10:22:57:670  INFO 33880 --- [main] o.a.catalina.core.AprLifecycleListener   : OpenSSL successfully initialized [OpenSSL 3.0.13 30 Jan 2024]
10:22:57:685  INFO 33880 --- [main] o.apache.catalina.core.StandardService   : Starting service [Tomcat]
10:22:57:686  INFO 33880 --- [main] org.apache.catalina.core.StandardEngine  : Starting Servlet engine: [Apache Tomcat/9.0.75]
10:22:57:809  INFO 33880 --- [main] o.a.c.c.C.[Tomcat].[localhost].[/]       : Initializing Spring embedded WebApplicationContext
10:22:57:811  INFO 33880 --- [main] w.s.c.ServletWebServerApplicationContext : Root WebApplicationContext: initialization completed in 1054 ms
10:22:59:003  INFO 33880 --- [main] pertySourcedRequestMappingHandlerMapping : Mapped URL path [/v2/api-docs] onto method [springfox.documentation.swagger2.web.Swagger2ControllerWebMvc#getDocumentation(String, HttpServletRequest)]
10:22:59:091  INFO 33880 --- [main] o.s.b.w.embedded.tomcat.TomcatWebServer  : Tomcat started on port(s): 8082 (http) with context path ''
10:22:59:092  INFO 33880 --- [main] d.s.w.p.DocumentationPluginsBootstrapper : Documentation plugins bootstrapped
10:22:59:094  INFO 33880 --- [main] d.s.w.p.DocumentationPluginsBootstrapper : Found 2 custom documentation plugin(s)
10:22:59:109  INFO 33880 --- [main] s.d.s.w.s.ApiListingReferenceScanner     : Scanning for api listing references
10:22:59:190  INFO 33880 --- [main] s.d.s.w.s.ApiListingReferenceScanner     : Scanning for api listing references
10:22:59:194  INFO 33880 --- [main] .d.s.w.r.o.CachingOperationNameGenerator : Generating unique operation named: queryMyCartsUsingGET_1
10:22:59:197  INFO 33880 --- [main] .d.s.w.r.o.CachingOperationNameGenerator : Generating unique operation named: addItem2CartUsingPOST_1
10:22:59:201  INFO 33880 --- [main] .d.s.w.r.o.CachingOperationNameGenerator : Generating unique operation named: deleteCartItemUsingDELETE_1
10:22:59:204  INFO 33880 --- [main] .d.s.w.r.o.CachingOperationNameGenerator : Generating unique operation named: deleteCartItemByIdsUsingDELETE_1
10:22:59:208  INFO 33880 --- [main] .d.s.w.r.o.CachingOperationNameGenerator : Generating unique operation named: updateCartUsingPUT_1
10:22:59:218  INFO 33880 --- [main] com.hmall.cart.CartApplication           : Started CartApplication in 2.807 seconds (JVM running for 3.681)
10:22:59:220  INFO 33880 --- [main] com.hmall.cart.config.SwaggerConfig      : Swagger文档地址：http://localhost:8082/doc.html
10:56:42:127  INFO 37456 --- [main] com.hmall.cart.CartApplication           : Starting CartApplication using Java 11.0.25 on ThinkBook14 with PID 37456 (F:\hm-shop\hmall\cart-service\target\classes started by 13420 in F:\hm-shop\hmall)
10:56:42:128 DEBUG 37456 --- [main] com.hmall.cart.CartApplication           : Running with Spring Boot v2.7.12, Spring v5.3.27
10:56:42:129  INFO 37456 --- [main] com.hmall.cart.CartApplication           : The following 1 profile is active: "dev"
10:56:42:713  INFO 37456 --- [main] o.s.cloud.context.scope.GenericScope     : BeanFactory id=7f624d5c-b17a-3cdb-9f34-c4a0b53692a4
10:56:42:881  INFO 37456 --- [main] o.s.b.w.embedded.tomcat.TomcatWebServer  : Tomcat initialized with port(s): 8082 (http)
10:56:42:882  INFO 37456 --- [main] o.a.catalina.core.AprLifecycleListener   : Loaded Apache Tomcat Native library [2.0.7] using APR version [1.7.4].
10:56:42:882  INFO 37456 --- [main] o.a.catalina.core.AprLifecycleListener   : APR capabilities: IPv6 [true], sendfile [true], accept filters [false], random [true], UDS [true].
10:56:42:883  INFO 37456 --- [main] o.a.catalina.core.AprLifecycleListener   : APR/OpenSSL configuration: useAprConnector [false], useOpenSSL [true]
10:56:42:886  INFO 37456 --- [main] o.a.catalina.core.AprLifecycleListener   : OpenSSL successfully initialized [OpenSSL 3.0.13 30 Jan 2024]
10:56:42:891  INFO 37456 --- [main] o.apache.catalina.core.StandardService   : Starting service [Tomcat]
10:56:42:891  INFO 37456 --- [main] org.apache.catalina.core.StandardEngine  : Starting Servlet engine: [Apache Tomcat/9.0.75]
10:56:42:991  INFO 37456 --- [main] o.a.c.c.C.[Tomcat].[localhost].[/]       : Initializing Spring embedded WebApplicationContext
10:56:42:991  INFO 37456 --- [main] w.s.c.ServletWebServerApplicationContext : Root WebApplicationContext: initialization completed in 835 ms
10:56:45:417  INFO 37456 --- [main] pertySourcedRequestMappingHandlerMapping : Mapped URL path [/v2/api-docs] onto method [springfox.documentation.swagger2.web.Swagger2ControllerWebMvc#getDocumentation(String, HttpServletRequest)]
10:56:45:551  INFO 37456 --- [main] com.alibaba.nacos.common.remote.client   : [RpcClientFactory] create a new rpc client of 3f096ceb-b024-462e-bad1-7f8e3092cd07
10:56:45:576  INFO 37456 --- [main] org.reflections.Reflections              : Reflections took 14 ms to scan 1 urls, producing 3 keys and 6 values 
10:56:45:593  INFO 37456 --- [main] org.reflections.Reflections              : Reflections took 6 ms to scan 1 urls, producing 4 keys and 9 values 
10:56:45:599  INFO 37456 --- [main] org.reflections.Reflections              : Reflections took 4 ms to scan 1 urls, producing 3 keys and 10 values 
10:56:45:600  WARN 37456 --- [main] org.reflections.Reflections              : given scan urls are empty. set urls in the configuration
10:56:45:604  INFO 37456 --- [main] org.reflections.Reflections              : Reflections took 3 ms to scan 1 urls, producing 1 keys and 5 values 
10:56:45:610  INFO 37456 --- [main] org.reflections.Reflections              : Reflections took 5 ms to scan 1 urls, producing 1 keys and 7 values 
10:56:45:616  INFO 37456 --- [main] org.reflections.Reflections              : Reflections took 4 ms to scan 1 urls, producing 2 keys and 8 values 
10:56:45:617  WARN 37456 --- [main] org.reflections.Reflections              : given scan urls are empty. set urls in the configuration
10:56:45:617  INFO 37456 --- [main] com.alibaba.nacos.common.remote.client   : [3f096ceb-b024-462e-bad1-7f8e3092cd07] RpcClient init label, labels = {module=naming, source=sdk}
10:56:45:619  INFO 37456 --- [main] com.alibaba.nacos.common.remote.client   : [3f096ceb-b024-462e-bad1-7f8e3092cd07] RpcClient init, ServerListFactory = com.alibaba.nacos.client.naming.core.ServerListManager
10:56:45:619  INFO 37456 --- [main] com.alibaba.nacos.common.remote.client   : [3f096ceb-b024-462e-bad1-7f8e3092cd07] Registry connection listener to current client:com.alibaba.nacos.client.naming.remote.gprc.redo.NamingGrpcRedoService
10:56:45:619  INFO 37456 --- [main] com.alibaba.nacos.common.remote.client   : [3f096ceb-b024-462e-bad1-7f8e3092cd07] Register server push request handler:com.alibaba.nacos.client.naming.remote.gprc.NamingPushRequestHandler
10:56:45:620  INFO 37456 --- [main] com.alibaba.nacos.common.remote.client   : [3f096ceb-b024-462e-bad1-7f8e3092cd07] Try to connect to server on start up, server: {serverIp = '127.0.0.1', server main port = 8848}
10:56:47:250  INFO 37456 --- [main] com.alibaba.nacos.common.remote.client   : [3f096ceb-b024-462e-bad1-7f8e3092cd07] Success to connect to server [127.0.0.1:8848] on start up, connectionId = 1743389807084_127.0.0.1_64119
10:56:47:252  INFO 37456 --- [com.alibaba.nacos.client.remote.worker] com.alibaba.nacos.common.remote.client   : [3f096ceb-b024-462e-bad1-7f8e3092cd07] Notify connected event to listeners.
10:56:47:253  INFO 37456 --- [main] com.alibaba.nacos.common.remote.client   : [3f096ceb-b024-462e-bad1-7f8e3092cd07] Register server push request handler:com.alibaba.nacos.common.remote.client.RpcClient$ConnectResetRequestHandler
10:56:47:254  INFO 37456 --- [main] com.alibaba.nacos.common.remote.client   : [3f096ceb-b024-462e-bad1-7f8e3092cd07] Register server push request handler:com.alibaba.nacos.common.remote.client.RpcClient$$Lambda$866/0x000000080068c840
10:56:47:287  INFO 37456 --- [main] o.s.b.w.embedded.tomcat.TomcatWebServer  : Tomcat started on port(s): 8082 (http) with context path ''
10:56:47:754  INFO 37456 --- [main] c.a.c.n.registry.NacosServiceRegistry    : nacos registry, DEFAULT_GROUP cart-service 10.225.71.202:8082 register finished
10:56:47:755  INFO 37456 --- [main] d.s.w.p.DocumentationPluginsBootstrapper : Documentation plugins bootstrapped
10:56:47:757  INFO 37456 --- [main] d.s.w.p.DocumentationPluginsBootstrapper : Found 2 custom documentation plugin(s)
10:56:47:790  INFO 37456 --- [main] s.d.s.w.s.ApiListingReferenceScanner     : Scanning for api listing references
10:56:47:806  INFO 37456 --- [nacos-grpc-client-executor-8] com.alibaba.nacos.common.remote.client   : [3f096ceb-b024-462e-bad1-7f8e3092cd07] Receive server push request, request = NotifySubscriberRequest, requestId = 7
10:56:47:809  INFO 37456 --- [nacos-grpc-client-executor-8] com.alibaba.nacos.common.remote.client   : [3f096ceb-b024-462e-bad1-7f8e3092cd07] Ack server push request, request = NotifySubscriberRequest, requestId = 7
10:56:47:851  INFO 37456 --- [main] s.d.s.w.s.ApiListingReferenceScanner     : Scanning for api listing references
10:56:47:854  INFO 37456 --- [main] .d.s.w.r.o.CachingOperationNameGenerator : Generating unique operation named: queryMyCartsUsingGET_1
10:56:47:856  INFO 37456 --- [main] .d.s.w.r.o.CachingOperationNameGenerator : Generating unique operation named: addItem2CartUsingPOST_1
10:56:47:857  INFO 37456 --- [main] .d.s.w.r.o.CachingOperationNameGenerator : Generating unique operation named: deleteCartItemUsingDELETE_1
10:56:47:858  INFO 37456 --- [main] .d.s.w.r.o.CachingOperationNameGenerator : Generating unique operation named: deleteCartItemByIdsUsingDELETE_1
10:56:47:860  INFO 37456 --- [main] .d.s.w.r.o.CachingOperationNameGenerator : Generating unique operation named: updateCartUsingPUT_1
10:56:47:868  INFO 37456 --- [main] com.hmall.cart.CartApplication           : Started CartApplication in 6.555 seconds (JVM running for 7.335)
10:56:47:869  INFO 37456 --- [main] com.hmall.cart.config.SwaggerConfig      : Swagger文档地址：http://localhost:8082/doc.html
11:07:38:348  WARN 37456 --- [Thread-4] c.a.nacos.common.notify.NotifyCenter     : [NotifyCenter] Start destroying Publisher
11:07:38:348  WARN 37456 --- [Thread-7] c.a.n.common.http.HttpClientBeanHolder   : [HttpClientBeanHolder] Start destroying common HttpClient
11:07:38:349  WARN 37456 --- [Thread-4] c.a.nacos.common.notify.NotifyCenter     : [NotifyCenter] Destruction of the end
11:07:38:350  WARN 37456 --- [Thread-7] c.a.n.common.http.HttpClientBeanHolder   : [HttpClientBeanHolder] Destruction of the end
11:07:38:878  INFO 37456 --- [SpringApplicationShutdownHook] c.a.c.n.registry.NacosServiceRegistry    : De-registering from Nacos Server now...
11:07:38:880  INFO 37456 --- [SpringApplicationShutdownHook] c.a.c.n.registry.NacosServiceRegistry    : De-registration finished.
11:07:39:227  INFO 37456 --- [SpringApplicationShutdownHook] com.alibaba.nacos.common.remote.client   : Shutdown rpc client, set status to shutdown
11:07:39:227  INFO 37456 --- [SpringApplicationShutdownHook] com.alibaba.nacos.common.remote.client   : Shutdown client event executor java.util.concurrent.ScheduledThreadPoolExecutor@20f790b1[Running, pool size = 2, active threads = 2, queued tasks = 0, completed tasks = 0]
11:07:39:228  INFO 37456 --- [SpringApplicationShutdownHook] com.alibaba.nacos.common.remote.client   : Close current connection 1743389807084_127.0.0.1_64119
11:07:39:229  INFO 37456 --- [nacos-grpc-client-executor-144] c.a.n.c.remote.client.grpc.GrpcClient    : [1743389807084_127.0.0.1_64119]Ignore complete event,isRunning:false,isAbandon=false
11:07:39:239  INFO 37456 --- [SpringApplicationShutdownHook] c.a.n.c.remote.client.grpc.GrpcClient    : Shutdown grpc executor java.util.concurrent.ThreadPoolExecutor@42b8b4fb[Running, pool size = 6, active threads = 0, queued tasks = 0, completed tasks = 145]
